C51 COMPILER V9.52.0.0   BACK                                                              05/01/2019 19:43:18 PAGE 1   


C51 COMPILER V9.52.0.0, COMPILATION OF MODULE BACK
OBJECT MODULE PLACED IN .\Objects\back.obj
COMPILER INVOKED BY: D:\MDK4\C51\BIN\C51.EXE back.c OPTIMIZE(8,SPEED) BROWSE DEBUG OBJECTEXTEND PRINT(.\Listings\back.ls
                    -t) OBJECT(.\Objects\back.obj)

line level    source

   1          #include<reg52.h>
   2          
   3          
   4          
   5          sbit IN1=P1^1;
   6          sbit IN2=P1^2;
   7          
   8          sbit IN3=P1^3;
   9          sbit IN4=P1^4;
  10          
  11          
  12          void delay(unsigned int xms)                            
  13          {
  14   1              unsigned int i,j;
  15   1              for(i=xms;i>0;i--)                    //
  16   1                      for(j=112;j>0;j--);
  17   1      }
  18          void backleft()
  19          {
  20   1      
  21   1      IN1=1;
  22   1      IN2=0;
  23   1      IN3=0;
  24   1      IN4=0;
  25   1              delay(3);
  26   1      IN1=0;
  27   1      IN2=0;
  28   1      IN3=0;
  29   1      IN4=0;
  30   1      }
  31          void backright()
  32          {
  33   1      
  34   1      IN1=0;
  35   1      IN2=0;
  36   1      IN3=1;
  37   1      IN4=0;
  38   1              delay(3);
  39   1      IN1=0;
  40   1      IN2=0;
  41   1      IN3=0;
  42   1      IN4=0;
  43   1      }
  44          


MODULE INFORMATION:   STATIC OVERLAYABLE
   CODE SIZE        =     72    ----
   CONSTANT SIZE    =   ----    ----
   XDATA SIZE       =   ----    ----
   PDATA SIZE       =   ----    ----
   DATA SIZE        =   ----    ----
   IDATA SIZE       =   ----    ----
   BIT SIZE         =   ----    ----
C51 COMPILER V9.52.0.0   BACK                                                              05/01/2019 19:43:18 PAGE 2   

END OF MODULE INFORMATION.


C51 COMPILATION COMPLETE.  0 WARNING(S),  0 ERROR(S)
