C51 COMPILER V9.52.0.0   LEFT                                                              05/01/2019 19:43:18 PAGE 1   


C51 COMPILER V9.52.0.0, COMPILATION OF MODULE LEFT
OBJECT MODULE PLACED IN .\Objects\left.obj
COMPILER INVOKED BY: D:\MDK4\C51\BIN\C51.EXE left.c OPTIMIZE(8,SPEED) BROWSE DEBUG OBJECTEXTEND PRINT(.\Listings\left.ls
                    -t) OBJECT(.\Objects\left.obj)

line level    source

   1          #include<reg52.h>
   2          sbit IN1=P1^1;
   3          sbit IN2=P1^2;
   4          sbit IN3=P1^3;
   5          sbit IN4=P1^4;
   6          
   7          void delay(unsigned int xms)                            
   8          {
   9   1              unsigned int i,j;
  10   1              for(i=xms;i>0;i--)                    //
  11   1                      for(j=112;j>0;j--);
  12   1      }
  13          void goleft()
  14          {
  15   1      
  16   1      IN1=0;
  17   1      IN2=0;
  18   1      IN3=0;
  19   1      IN4=1;
  20   1              delay(3);
  21   1      IN1=0;
  22   1      IN2=0;
  23   1      IN3=0;
  24   1      IN4=0;
  25   1      }
  26          
  27          
  28          
  29          


MODULE INFORMATION:   STATIC OVERLAYABLE
   CODE SIZE        =     54    ----
   CONSTANT SIZE    =   ----    ----
   XDATA SIZE       =   ----    ----
   PDATA SIZE       =   ----    ----
   DATA SIZE        =   ----    ----
   IDATA SIZE       =   ----    ----
   BIT SIZE         =   ----    ----
END OF MODULE INFORMATION.


C51 COMPILATION COMPLETE.  0 WARNING(S),  0 ERROR(S)
